<?xml version="1.0" encoding="UTF-8"?>
<!-- Generated by org.testng.reporters.JUnitXMLReporter -->
<testsuite hostname="Veras-MacBook-Pro.local" ignored="0" name="Default test" tests="4" failures="0" timestamp="21 Jun 2018 14:18:15 GMT" time="22.184" errors="0">
  <testcase name="blanckPassword" time="1.728" classname="com.prestashop.tests.wrongCredentialsTest"/>
  <testcase name="blankEmailTest" time="1.934" classname="com.prestashop.tests.wrongCredentialsTest"/>
  <testcase name="invalidEmailTest" time="1.985" classname="com.prestashop.tests.wrongCredentialsTest"/>
  <testcase name="wrongLogin" time="1.714" classname="com.prestashop.tests.wrongCredentialsTest"/>
</testsuite> <!-- Default test -->
