<?xml version="1.0" encoding="UTF-8"?>
<testng-results skipped="0" failed="1" ignored="0" total="2" passed="1">
  <reporter-output>
  </reporter-output>
  <suite name="Default suite" duration-ms="35485" started-at="2018-06-27T18:24:44Z" finished-at="2018-06-27T18:25:19Z">
    <groups>
    </groups>
    <test name="Default test" duration-ms="35485" started-at="2018-06-27T18:24:44Z" finished-at="2018-06-27T18:25:19Z">
      <class name="com.Mockaroo.MockarooDataValidation">
        <test-method status="PASS" signature="setUp()[pri:0, instance:com.Mockaroo.MockarooDataValidation@57baeedf]" name="setUp" is-config="true" duration-ms="3164" started-at="2018-06-27T18:24:44Z" finished-at="2018-06-27T18:24:47Z">
          <reporter-output>
          </reporter-output>
        </test-method> <!-- setUp -->
        <test-method status="PASS" signature="MockarooDataValidationTest()[pri:1, instance:com.Mockaroo.MockarooDataValidation@57baeedf]" name="MockarooDataValidationTest" duration-ms="27297" started-at="2018-06-27T18:24:47Z" finished-at="2018-06-27T18:25:14Z">
          <reporter-output>
          </reporter-output>
        </test-method> <!-- MockarooDataValidationTest -->
        <test-method status="FAIL" signature="ReadAllDataAndWorkWithCollectionTest()[pri:2, instance:com.Mockaroo.MockarooDataValidation@57baeedf]" name="ReadAllDataAndWorkWithCollectionTest" duration-ms="5005" started-at="2018-06-27T18:25:14Z" finished-at="2018-06-27T18:25:19Z">
          <exception class="java.io.FileNotFoundException">
            <message>
              <![CDATA[/Users/sofiianalizhyta/Downloads/MOCK_DATA.csv (No such file or directory)]]>
            </message>
            <full-stacktrace>
              <![CDATA[java.io.FileNotFoundException: /Users/sofiianalizhyta/Downloads/MOCK_DATA.csv (No such file or directory)
at java.io.FileInputStream.open0(Native Method)
at java.io.FileInputStream.open(FileInputStream.java:195)
at java.io.FileInputStream.<init>(FileInputStream.java:138)
at java.io.FileInputStream.<init>(FileInputStream.java:93)
at java.io.FileReader.<init>(FileReader.java:58)
at com.Mockaroo.MockarooDataValidation.readFileAndVerify(MockarooDataValidation.java:153)
at com.Mockaroo.MockarooDataValidation.ReadAllDataAndWorkWithCollectionTest(MockarooDataValidation.java:79)
at sun.reflect.NativeMethodAccessorImpl.invoke0(Native Method)
at sun.reflect.NativeMethodAccessorImpl.invoke(NativeMethodAccessorImpl.java:62)
at sun.reflect.DelegatingMethodAccessorImpl.invoke(DelegatingMethodAccessorImpl.java:43)
at java.lang.reflect.Method.invoke(Method.java:498)
at org.testng.internal.MethodInvocationHelper.invokeMethod(MethodInvocationHelper.java:124)
at org.testng.internal.Invoker.invokeMethod(Invoker.java:583)
at org.testng.internal.Invoker.invokeTestMethod(Invoker.java:719)
at org.testng.internal.Invoker.invokeTestMethods(Invoker.java:989)
at org.testng.internal.TestMethodWorker.invokeTestMethods(TestMethodWorker.java:125)
at org.testng.internal.TestMethodWorker.run(TestMethodWorker.java:109)
at org.testng.TestRunner.privateRun(TestRunner.java:648)
at org.testng.TestRunner.run(TestRunner.java:505)
at org.testng.SuiteRunner.runTest(SuiteRunner.java:455)
at org.testng.SuiteRunner.runSequentially(SuiteRunner.java:450)
at org.testng.SuiteRunner.privateRun(SuiteRunner.java:415)
at org.testng.SuiteRunner.run(SuiteRunner.java:364)
at org.testng.SuiteRunnerWorker.runSuite(SuiteRunnerWorker.java:52)
at org.testng.SuiteRunnerWorker.run(SuiteRunnerWorker.java:84)
at org.testng.TestNG.runSuitesSequentially(TestNG.java:1208)
at org.testng.TestNG.runSuitesLocally(TestNG.java:1137)
at org.testng.TestNG.runSuites(TestNG.java:1049)
at org.testng.TestNG.run(TestNG.java:1017)
at org.testng.remote.AbstractRemoteTestNG.run(AbstractRemoteTestNG.java:114)
at org.testng.remote.RemoteTestNG.initAndRun(RemoteTestNG.java:251)
at org.testng.remote.RemoteTestNG.main(RemoteTestNG.java:77)
]]>
            </full-stacktrace>
          </exception> <!-- java.io.FileNotFoundException -->
          <reporter-output>
          </reporter-output>
        </test-method> <!-- ReadAllDataAndWorkWithCollectionTest -->
      </class> <!-- com.Mockaroo.MockarooDataValidation -->
    </test> <!-- Default test -->
  </suite> <!-- Default suite -->
</testng-results>
