<?xml version="1.0" encoding="UTF-8"?>
<testng-results skipped="0" failed="0" ignored="0" total="4" passed="4">
  <reporter-output>
  </reporter-output>
  <suite name="Default suite" duration-ms="22184" started-at="2018-06-21T14:17:52Z" finished-at="2018-06-21T14:18:14Z">
    <groups>
    </groups>
    <test name="Default test" duration-ms="22184" started-at="2018-06-21T14:17:52Z" finished-at="2018-06-21T14:18:14Z">
      <class name="com.prestashop.tests.wrongCredentialsTest">
        <test-method status="PASS" signature="setUp()[pri:0, instance:com.prestashop.tests.wrongCredentialsTest@39c0f4a]" name="setUp" is-config="true" duration-ms="4145" started-at="2018-06-21T14:17:52Z" finished-at="2018-06-21T14:17:56Z">
          <reporter-output>
          </reporter-output>
        </test-method> <!-- setUp -->
        <test-method status="PASS" signature="blanckPassword()[pri:0, instance:com.prestashop.tests.wrongCredentialsTest@39c0f4a]" name="blanckPassword" duration-ms="1728" started-at="2018-06-21T14:17:56Z" finished-at="2018-06-21T14:17:58Z">
          <reporter-output>
          </reporter-output>
        </test-method> <!-- blanckPassword -->
        <test-method status="PASS" signature="tearDown()[pri:0, instance:com.prestashop.tests.wrongCredentialsTest@39c0f4a]" name="tearDown" is-config="true" duration-ms="160" started-at="2018-06-21T14:17:58Z" finished-at="2018-06-21T14:17:58Z">
          <reporter-output>
          </reporter-output>
        </test-method> <!-- tearDown -->
        <test-method status="PASS" signature="setUp()[pri:0, instance:com.prestashop.tests.wrongCredentialsTest@39c0f4a]" name="setUp" is-config="true" duration-ms="3223" started-at="2018-06-21T14:17:58Z" finished-at="2018-06-21T14:18:02Z">
          <reporter-output>
          </reporter-output>
        </test-method> <!-- setUp -->
        <test-method status="PASS" signature="blankEmailTest()[pri:0, instance:com.prestashop.tests.wrongCredentialsTest@39c0f4a]" name="blankEmailTest" duration-ms="1934" started-at="2018-06-21T14:18:02Z" finished-at="2018-06-21T14:18:04Z">
          <reporter-output>
          </reporter-output>
        </test-method> <!-- blankEmailTest -->
        <test-method status="PASS" signature="tearDown()[pri:0, instance:com.prestashop.tests.wrongCredentialsTest@39c0f4a]" name="tearDown" is-config="true" duration-ms="149" started-at="2018-06-21T14:18:04Z" finished-at="2018-06-21T14:18:04Z">
          <reporter-output>
          </reporter-output>
        </test-method> <!-- tearDown -->
        <test-method status="PASS" signature="setUp()[pri:0, instance:com.prestashop.tests.wrongCredentialsTest@39c0f4a]" name="setUp" is-config="true" duration-ms="3243" started-at="2018-06-21T14:18:04Z" finished-at="2018-06-21T14:18:07Z">
          <reporter-output>
          </reporter-output>
        </test-method> <!-- setUp -->
        <test-method status="PASS" signature="invalidEmailTest()[pri:0, instance:com.prestashop.tests.wrongCredentialsTest@39c0f4a]" name="invalidEmailTest" duration-ms="1985" started-at="2018-06-21T14:18:07Z" finished-at="2018-06-21T14:18:09Z">
          <reporter-output>
          </reporter-output>
        </test-method> <!-- invalidEmailTest -->
        <test-method status="PASS" signature="tearDown()[pri:0, instance:com.prestashop.tests.wrongCredentialsTest@39c0f4a]" name="tearDown" is-config="true" duration-ms="172" started-at="2018-06-21T14:18:09Z" finished-at="2018-06-21T14:18:09Z">
          <reporter-output>
          </reporter-output>
        </test-method> <!-- tearDown -->
        <test-method status="PASS" signature="setUp()[pri:0, instance:com.prestashop.tests.wrongCredentialsTest@39c0f4a]" name="setUp" is-config="true" duration-ms="3519" started-at="2018-06-21T14:18:09Z" finished-at="2018-06-21T14:18:13Z">
          <reporter-output>
          </reporter-output>
        </test-method> <!-- setUp -->
        <test-method status="PASS" signature="wrongLogin()[pri:0, instance:com.prestashop.tests.wrongCredentialsTest@39c0f4a]" name="wrongLogin" duration-ms="1714" started-at="2018-06-21T14:18:13Z" finished-at="2018-06-21T14:18:14Z">
          <reporter-output>
          </reporter-output>
        </test-method> <!-- wrongLogin -->
        <test-method status="PASS" signature="tearDown()[pri:0, instance:com.prestashop.tests.wrongCredentialsTest@39c0f4a]" name="tearDown" is-config="true" duration-ms="167" started-at="2018-06-21T14:18:14Z" finished-at="2018-06-21T14:18:14Z">
          <reporter-output>
          </reporter-output>
        </test-method> <!-- tearDown -->
      </class> <!-- com.prestashop.tests.wrongCredentialsTest -->
    </test> <!-- Default test -->
  </suite> <!-- Default suite -->
</testng-results>
